app/build/outputs/logs/manifest-merger-debug-report.txt
-- Merging decision tree log ---
manifest
ADDED from src/main/AndroidManifest.xml:2:1-109:12
	package
		ADDED from src/main/AndroidManifest.xml:3:5-39
		INJECTED from src/main/AndroidManifest.xml
		INJECTED from src/main/AndroidManifest.xml
	android:versionName
		ADDED from src/main/AndroidManifest.xml:5:5-31
		INJECTED from src/main/AndroidManifest.xml
		INJECTED from src/main/AndroidManifest.xml
	android:versionCode
		ADDED from src/main/AndroidManifest.xml:4:5-29
		INJECTED from src/main/AndroidManifest.xml
		INJECTED from src/main/AndroidManifest.xml
	xmlns:android
		ADDED from src/main/AndroidManifest.xml:2:11-69
uses-sdk
ADDED from src/main/AndroidManifest.xml:9:5-11:41
MERGED from [com.android.support:appcompat-v7:25.3.1] AndroidManifest.xml:21:5-23:78
MERGED from [com.android.support:animated-vector-drawable:25.3.1] AndroidManifest.xml:20:5-44
MERGED from [com.android.support:support-vector-drawable:25.3.1] AndroidManifest.xml:20:5-43
MERGED from [com.android.support:support-v4:25.4.0] AndroidManifest.xml:21:5-23:54
MERGED from [com.android.support:support-fragment:25.4.0] AndroidManifest.xml:21:5-23:60
MERGED from [com.android.support:support-media-compat:25.4.0] AndroidManifest.xml:21:5-23:63
MERGED from [com.android.support:support-core-ui:25.4.0] AndroidManifest.xml:21:5-23:58
MERGED from [com.android.support:support-core-utils:25.4.0] AndroidManifest.xml:21:5-23:61
MERGED from [com.android.support:support-compat:25.4.0] AndroidManifest.xml:21:5-23:58
	tools:overrideLibrary
		ADDED from [com.android.support:appcompat-v7:25.3.1] AndroidManifest.xml:23:9-75
	android:targetSdkVersion
		ADDED from src/main/AndroidManifest.xml:11:9-38
		INJECTED from src/main/AndroidManifest.xml
		INJECTED from src/main/AndroidManifest.xml
	android:minSdkVersion
		ADDED from src/main/AndroidManifest.xml:10:9-34
		INJECTED from src/main/AndroidManifest.xml
		INJECTED from src/main/AndroidManifest.xml
uses-permission#android.permission.RECEIVE_BOOT_COMPLETED
ADDED from src/main/AndroidManifest.xml:13:5-81
	android:name
		ADDED from src/main/AndroidManifest.xml:13:22-78
uses-permission#android.permission.SYSTEM_ALERT_WINDOW
ADDED from src/main/AndroidManifest.xml:14:5-78
	android:name
		ADDED from src/main/AndroidManifest.xml:14:22-75
uses-permission#android.permission.GET_TASKS
ADDED from src/main/AndroidManifest.xml:15:5-68
	android:name
		ADDED from src/main/AndroidManifest.xml:15:22-65
uses-permission#android.permission.WRITE_EXTERNAL_STORAGE
ADDED from src/main/AndroidManifest.xml:18:5-19:23
	android:name
		ADDED from src/main/AndroidManifest.xml:18:22-78
uses-permission#android.permission.MOUNT_UNMOUNT_FILESYSTEMS
ADDED from src/main/AndroidManifest.xml:21:5-22:23
	android:name
		ADDED from src/main/AndroidManifest.xml:21:22-81
uses-permission#android.permission.INTERNET
ADDED from src/main/AndroidManifest.xml:23:5-67
	android:name
		ADDED from src/main/AndroidManifest.xml:23:22-64
uses-permission#android.permission.CHANGE_NETWORK_STATE
ADDED from src/main/AndroidManifest.xml:24:5-79
	android:name
		ADDED from src/main/AndroidManifest.xml:24:22-76
uses-permission#android.permission.CHANGE_WIFI_STATE
ADDED from src/main/AndroidManifest.xml:25:5-76
	android:name
		ADDED from src/main/AndroidManifest.xml:25:22-73
uses-permission#android.permission.ACCESS_NETWORK_STATE
ADDED from src/main/AndroidManifest.xml:26:5-79
	android:name
		ADDED from src/main/AndroidManifest.xml:26:22-76
uses-permission#android.permission.ACCESS_WIFI_STATE
ADDED from src/main/AndroidManifest.xml:27:5-76
	android:name
		ADDED from src/main/AndroidManifest.xml:27:22-73
application
ADDED from src/main/AndroidManifest.xml:30:5-105:19
MERGED from [com.android.support:appcompat-v7:25.3.1] AndroidManifest.xml:29:5-20
MERGED from [com.android.support:animated-vector-drawable:25.3.1] AndroidManifest.xml:26:5-20
MERGED from [com.android.support:support-vector-drawable:25.3.1] AndroidManifest.xml:26:5-20
MERGED from [com.android.support:support-v4:25.4.0] AndroidManifest.xml:25:5-29:19
MERGED from [com.android.support:support-fragment:25.4.0] AndroidManifest.xml:25:5-29:19
MERGED from [com.android.support:support-media-compat:25.4.0] AndroidManifest.xml:25:5-29:19
MERGED from [com.android.support:support-core-ui:25.4.0] AndroidManifest.xml:25:5-29:19
MERGED from [com.android.support:support-core-utils:25.4.0] AndroidManifest.xml:25:5-29:19
MERGED from [com.android.support:support-compat:25.4.0] AndroidManifest.xml:25:5-29:19
	android:label
		ADDED from src/main/AndroidManifest.xml:33:9-41
	android:allowBackup
		ADDED from src/main/AndroidManifest.xml:31:9-35
	android:icon
		ADDED from src/main/AndroidManifest.xml:32:9-45
	android:theme
		ADDED from src/main/AndroidManifest.xml:34:9-55
activity#com.clkj.micglmusicmixer.MainActivity
ADDED from src/main/AndroidManifest.xml:37:9-55:20
	android:label
		ADDED from src/main/AndroidManifest.xml:40:13-45
	android:exported
		ADDED from src/main/AndroidManifest.xml:39:13-36
	android:name
		ADDED from src/main/AndroidManifest.xml:38:13-41
intent-filter#android.intent.action.MAIN+android.intent.category.LAUNCHER
ADDED from src/main/AndroidManifest.xml:41:13-45:29
action#android.intent.action.MAIN
ADDED from src/main/AndroidManifest.xml:42:17-69
	android:name
		ADDED from src/main/AndroidManifest.xml:42:25-66
category#android.intent.category.LAUNCHER
ADDED from src/main/AndroidManifest.xml:44:17-77
	android:name
		ADDED from src/main/AndroidManifest.xml:44:27-74
intent-filter#android.hardware.usb.action.USB_DEVICE_ATTACHED
ADDED from src/main/AndroidManifest.xml:47:13-49:29
action#android.hardware.usb.action.USB_DEVICE_ATTACHED
ADDED from src/main/AndroidManifest.xml:48:17-90
	android:name
		ADDED from src/main/AndroidManifest.xml:48:25-87
meta-data#android.hardware.usb.action.USB_DEVICE_ATTACHED
ADDED from src/main/AndroidManifest.xml:51:13-53:57
	android:resource
		ADDED from src/main/AndroidManifest.xml:53:17-54
	android:name
		ADDED from src/main/AndroidManifest.xml:52:17-79
service#com.clkj.micglmusicmixer.MainService
ADDED from src/main/AndroidManifest.xml:58:11-59:19
	android:name
		ADDED from src/main/AndroidManifest.xml:58:20-71
service#com.clkj.micglmusicmixer.BootService
ADDED from src/main/AndroidManifest.xml:60:10-61:19
	android:name
		ADDED from src/main/AndroidManifest.xml:60:19-70
service#com.clkj.micglmusicmixer.VolumeService
ADDED from src/main/AndroidManifest.xml:64:9-65:19
	android:name
		ADDED from src/main/AndroidManifest.xml:64:18-71
receiver#com.clkj.micglmusicmixer.BootAndVolumeReceiver
ADDED from src/main/AndroidManifest.xml:68:9-91:20
	android:name
		ADDED from src/main/AndroidManifest.xml:68:19-80
intent-filter#android.hardware.usb.action.USB_DEVICE_ATTACHED+android.intent.action.BOOT_COMPLETED+android.intent.action.PACKAGE_ADDED+android.intent.action.PACKAGE_CHANGED+android.intent.action.PACKAGE_REMOVED+android.media.VOLUME_CHANGED_ACTION+com.android.example.USB_PERMISSION+com.clkj.action.OPEN_BLUETOOTH_ACTION+com.clkj.action.OPEN_GLMUSICMIXER_ACTION+com.rkm.action.FACTORY_TESTOPENMIC_ACTION+com.rkm.action.LUYIN_CLOSE_ACTION+com.rkm.action.LUYIN_OPENMIC_ACTION+com.rkm.action.QIDONG_DIALOG_ACTION
ADDED from src/main/AndroidManifest.xml:69:13-90:29
action#android.intent.action.BOOT_COMPLETED
ADDED from src/main/AndroidManifest.xml:70:17-79
	android:name
		ADDED from src/main/AndroidManifest.xml:70:25-76
action#com.rkm.action.LUYIN_OPENMIC_ACTION
ADDED from src/main/AndroidManifest.xml:71:17-78
	android:name
		ADDED from src/main/AndroidManifest.xml:71:25-75
action#com.rkm.action.LUYIN_CLOSE_ACTION
ADDED from src/main/AndroidManifest.xml:72:17-73:26
	android:name
		ADDED from src/main/AndroidManifest.xml:72:25-73
action#com.rkm.action.FACTORY_TESTOPENMIC_ACTION
ADDED from src/main/AndroidManifest.xml:74:17-75:26
	android:name
		ADDED from src/main/AndroidManifest.xml:74:25-81
action#com.clkj.action.OPEN_BLUETOOTH_ACTION
ADDED from src/main/AndroidManifest.xml:76:17-80
	android:name
		ADDED from src/main/AndroidManifest.xml:76:25-77
action#android.intent.action.PACKAGE_ADDED
ADDED from src/main/AndroidManifest.xml:77:17-78
	android:name
		ADDED from src/main/AndroidManifest.xml:77:25-75
action#android.intent.action.PACKAGE_CHANGED
ADDED from src/main/AndroidManifest.xml:78:17-80
	android:name
		ADDED from src/main/AndroidManifest.xml:78:25-77
action#com.rkm.action.QIDONG_DIALOG_ACTION
ADDED from src/main/AndroidManifest.xml:79:17-78
	android:name
		ADDED from src/main/AndroidManifest.xml:79:25-75
action#android.intent.action.PACKAGE_REMOVED
ADDED from src/main/AndroidManifest.xml:80:17-82:26
	android:name
		ADDED from src/main/AndroidManifest.xml:80:25-77
action#android.media.VOLUME_CHANGED_ACTION
ADDED from src/main/AndroidManifest.xml:85:17-77
	android:name
		ADDED from src/main/AndroidManifest.xml:85:25-75
action#com.android.example.USB_PERMISSION
ADDED from src/main/AndroidManifest.xml:87:17-88:23
	android:name
		ADDED from src/main/AndroidManifest.xml:87:25-74
action#com.clkj.action.OPEN_GLMUSICMIXER_ACTION
ADDED from src/main/AndroidManifest.xml:89:17-82
	android:name
		ADDED from src/main/AndroidManifest.xml:89:25-80
receiver#com.clkj.micglmusicmixer.update.CheckNetReceiver
ADDED from src/main/AndroidManifest.xml:95:9-99:20
	android:name
		ADDED from src/main/AndroidManifest.xml:95:19-82
intent-filter#android.net.conn.CONNECTIVITY_CHANGE
ADDED from src/main/AndroidManifest.xml:96:13-98:29
action#android.net.conn.CONNECTIVITY_CHANGE
ADDED from src/main/AndroidManifest.xml:97:17-79
	android:name
		ADDED from src/main/AndroidManifest.xml:97:25-76
activity#com.clkj.micglmusicmixer.activity.UpdateActivity
ADDED from src/main/AndroidManifest.xml:101:9-104:20
	android:theme
		ADDED from src/main/AndroidManifest.xml:103:13-83
	android:name
		ADDED from src/main/AndroidManifest.xml:102:13-76
uses-feature#android.hardware.usb.host
ADDED from src/main/AndroidManifest.xml:107:5-62
	android:name
		ADDED from src/main/AndroidManifest.xml:107:19-59
meta-data#android.support.VERSION
ADDED from [com.android.support:appcompat-v7:25.3.1] AndroidManifest.xml:25:5-27:34
MERGED from [com.android.support:animated-vector-drawable:25.3.1] AndroidManifest.xml:22:5-24:34
MERGED from [com.android.support:support-vector-drawable:25.3.1] AndroidManifest.xml:22:5-24:34
MERGED from [com.android.support:support-fragment:25.4.0] AndroidManifest.xml:26:9-28:38
MERGED from [com.android.support:support-media-compat:25.4.0] AndroidManifest.xml:26:9-28:38
MERGED from [com.android.support:support-core-ui:25.4.0] AndroidManifest.xml:26:9-28:38
MERGED from [com.android.support:support-core-utils:25.4.0] AndroidManifest.xml:26:9-28:38
MERGED from [com.android.support:support-compat:25.4.0] AndroidManifest.xml:26:9-28:38
	android:value
		ADDED from [com.android.support:appcompat-v7:25.3.1] AndroidManifest.xml:27:9-31
	android:name
		ADDED from [com.android.support:appcompat-v7:25.3.1] AndroidManifest.xml:26:9-47